27/10/2021 14:12:20 - __main__ - INFO - Initial Login
27/10/2021 14:12:23 - __main__ - INFO - Checking OTP:..
27/10/2021 14:12:43 - __main__ - INFO - Waiting for auth
27/10/2021 14:13:06 - __main__ - INFO - 2FA completed
27/10/2021 14:13:06 - __main__ - INFO - Login successful
27/10/2021 14:13:06 - __main__ - INFO - ensoc folder selected
27/10/2021 14:13:07 - __main__ - INFO - Unread filter selected
27/10/2021 14:13:08 - __main__ - INFO - Checking for unread emails
27/10/2021 14:13:08 - __main__ - INFO - Checking for unread emails
27/10/2021 14:13:08 - __main__ - INFO - there are 20 unread messages found
27/10/2021 14:13:08 - __main__ - INFO - Checking for unread emails
27/10/2021 14:13:08 - __main__ - INFO - Email selected
27/10/2021 14:13:13 - __main__ - INFO - sender name recorded imperva-no-reply@capitaland.com
27/10/2021 14:13:13 - __main__ - INFO - subject recorded: [DAM Monitoring Alert] MS-SQL sp_start_job - program execution-2, Severity: High
27/10/2021 14:13:13 - __main__ - INFO - Email datetime recorded: Tue 26/10/2021 1:04 PM
27/10/2021 14:13:13 - __main__ - INFO - message recorded
27/10/2021 14:13:15 - __main__ - INFO - Email ID recorded: 998474142.1635224467806.JavaMail.mxserver
27/10/2021 14:13:15 - __main__ - INFO - Alert name: DAM Monitoring Alert
27/10/2021 14:13:15 - __main__ - INFO - No database found
27/10/2021 14:13:15 - __main__ - INFO - Severity: High
27/10/2021 14:13:15 - __main__ - INFO - Vendor Number: 191059
27/10/2021 14:13:15 - __main__ - INFO - Description found
27/10/2021 14:13:15 - __main__ - INFO - Database not found
